<?xml version="1.0" encoding="UTF-8"?>
<testsuite xmlns:xsi="http://www.w3.org/2001/XMLSchema-instance" xsi:schemaLocation="https://maven.apache.org/surefire/maven-surefire-plugin/xsd/surefire-test-report.xsd" name="TestSuite" time="1.992" tests="20" errors="0" skipped="0" failures="0">
  <properties>
    <property name="java.runtime.name" value="Java(TM) SE Runtime Environment"/>
    <property name="sun.boot.library.path" value="C:\Program Files\Java\jdk1.8.0_92\jre\bin"/>
    <property name="java.vm.version" value="25.92-b14"/>
    <property name="java.vm.vendor" value="Oracle Corporation"/>
    <property name="maven.multiModuleProjectDirectory" value="C:\Users\JuanJo\Documents\secureworks"/>
    <property name="java.vendor.url" value="http://java.oracle.com/"/>
    <property name="path.separator" value=";"/>
    <property name="guice.disable.misplaced.annotation.check" value="true"/>
    <property name="java.vm.name" value="Java HotSpot(TM) 64-Bit Server VM"/>
    <property name="file.encoding.pkg" value="sun.io"/>
    <property name="user.script" value=""/>
    <property name="user.country" value="ES"/>
    <property name="sun.java.launcher" value="SUN_STANDARD"/>
    <property name="sun.os.patch.level" value="Service Pack 1"/>
    <property name="java.vm.specification.name" value="Java Virtual Machine Specification"/>
    <property name="user.dir" value="C:\Users\JuanJo\Documents\secureworks"/>
    <property name="java.runtime.version" value="1.8.0_92-b14"/>
    <property name="java.awt.graphicsenv" value="sun.awt.Win32GraphicsEnvironment"/>
    <property name="java.endorsed.dirs" value="C:\Program Files\Java\jdk1.8.0_92\jre\lib\endorsed"/>
    <property name="os.arch" value="amd64"/>
    <property name="java.io.tmpdir" value="C:\Users\JuanJo\AppData\Local\Temp\"/>
    <property name="line.separator" value="&#10;"/>
    <property name="java.vm.specification.vendor" value="Oracle Corporation"/>
    <property name="user.variant" value=""/>
    <property name="os.name" value="Windows 7"/>
    <property name="classworlds.conf" value="C:\apache-maven-3.3.3\bin\..\bin\m2.conf"/>
    <property name="sun.jnu.encoding" value="Cp1252"/>
    <property name="java.library.path" value="C:\Program Files\Java\jdk1.8.0_92\bin;C:\Windows\Sun\Java\bin;C:\Windows\system32;C:\Windows;C:\ProgramData\Oracle\Java\javapath;C:\Program Files\Common Files\Microsoft Shared\Windows Live;C:\Program Files (x86)\Common Files\Microsoft Shared\Windows Live;c:\Program Files (x86)\AMD APP\bin\x86_64;c:\Program Files (x86)\AMD APP\bin\x86;C:\Windows\system32;C:\Windows;C:\Windows\System32\Wbem;C:\Windows\System32\WindowsPowerShell\v1.0\;C:\Program Files (x86)\ATI Technologies\ATI.ACE\Core-Static;C:\Program Files (x86)\Google\Chrome\Application;C:\Program Files\Java\jdk1.8.0_92;C:\apache-maven-3.3.3\bin;C:\Program Files (x86)\Windows Live\Shared;C:\Program Files (x86)\Mozilla Firefox;C:\Program Files\PuTTY\;C:\Program Files\Git\cmd;C:\Program Files\Liquid Technologies\Liquid Studio 2017\XmlDataBinder15\Redist15\cpp\win32\bin;C:\Program Files\Liquid Technologies\Liquid Studio 2017\XmlDataBinder15\Redist15\cpp\win64\bin;C:\Program Files\nodejs\;C:\Users\JuanJo\AppData\Local\Box\Box Edit\;C:\Users\JuanJo\AppData\Roaming\npm;C:\Users\JuanJo\AppData\Local\Programs\Microsoft VS Code\bin;."/>
    <property name="java.specification.name" value="Java Platform API Specification"/>
    <property name="java.class.version" value="52.0"/>
    <property name="sun.management.compiler" value="HotSpot 64-Bit Tiered Compilers"/>
    <property name="os.version" value="6.1"/>
    <property name="user.home" value="C:\Users\JuanJo"/>
    <property name="user.timezone" value="America/New_York"/>
    <property name="java.awt.printerjob" value="sun.awt.windows.WPrinterJob"/>
    <property name="java.specification.version" value="1.8"/>
    <property name="file.encoding" value="Cp1252"/>
    <property name="user.name" value="JuanJo"/>
    <property name="java.class.path" value="C:\apache-maven-3.3.3\bin\..\boot\plexus-classworlds-2.5.2.jar"/>
    <property name="java.vm.specification.version" value="1.8"/>
    <property name="sun.arch.data.model" value="64"/>
    <property name="java.home" value="C:\Program Files\Java\jdk1.8.0_92\jre"/>
    <property name="sun.java.command" value="org.codehaus.plexus.classworlds.launcher.Launcher clean test"/>
    <property name="java.specification.vendor" value="Oracle Corporation"/>
    <property name="user.language" value="es"/>
    <property name="awt.toolkit" value="sun.awt.windows.WToolkit"/>
    <property name="java.vm.info" value="mixed mode"/>
    <property name="java.version" value="1.8.0_92"/>
    <property name="java.ext.dirs" value="C:\Program Files\Java\jdk1.8.0_92\jre\lib\ext;C:\Windows\Sun\Java\lib\ext"/>
    <property name="sun.boot.class.path" value="C:\Program Files\Java\jdk1.8.0_92\jre\lib\resources.jar;C:\Program Files\Java\jdk1.8.0_92\jre\lib\rt.jar;C:\Program Files\Java\jdk1.8.0_92\jre\lib\sunrsasign.jar;C:\Program Files\Java\jdk1.8.0_92\jre\lib\jsse.jar;C:\Program Files\Java\jdk1.8.0_92\jre\lib\jce.jar;C:\Program Files\Java\jdk1.8.0_92\jre\lib\charsets.jar;C:\Program Files\Java\jdk1.8.0_92\jre\lib\jfr.jar;C:\Program Files\Java\jdk1.8.0_92\jre\classes"/>
    <property name="sun.stderr.encoding" value="cp437"/>
    <property name="java.vendor" value="Oracle Corporation"/>
    <property name="maven.home" value="C:\apache-maven-3.3.3\bin\.."/>
    <property name="file.separator" value="\"/>
    <property name="java.vendor.url.bug" value="http://bugreport.sun.com/bugreport/"/>
    <property name="sun.cpu.endian" value="little"/>
    <property name="sun.io.unicode.encoding" value="UnicodeLittle"/>
    <property name="sun.stdout.encoding" value="cp437"/>
    <property name="sun.desktop" value="windows"/>
    <property name="sun.cpu.isalist" value="amd64"/>
  </properties>
  <testcase name="get_LargestWord_File_DoesNotExist" classname="test.FileActionTest" time="0"/>
  <testcase name="get_LargestWord_File_Empty" classname="test.FileActionTest" time="0"/>
  <testcase name="get_LargestWord_File_MultipleWordsSameLine" classname="test.FileActionTest" time="0"/>
  <testcase name="get_LargestWord_File_NotSupported" classname="test.FileActionTest" time="0"/>
  <testcase name="get_LargestWord_File_Specialcharacters" classname="test.FileActionTest" time="0"/>
  <testcase name="get_LargestWord_From_File_HappyPath" classname="test.FileActionTest" time="0"/>
  <testcase name="get_LargestWord_From_File_LineWithSpaces" classname="test.FileActionTest" time="0"/>
  <testcase name="get_LargestWord_From_File_MultipleLargeWords" classname="test.FileActionTest" time="0"/>
  <testcase name="get_LargestWord_From_File_OneWord" classname="test.FileActionTest" time="0.016"/>
  <testcase name="get_LargestWord_From_File_StartWithBlankLines" classname="test.FileActionTest" time="0"/>
  <testcase name="get_LargestWord_Transposed_File_NotSupported" classname="test.FileActionTest" time="0"/>
  <testcase name="get_LargestWord_Transposed_From_File_HappyPath" classname="test.FileActionTest" time="0"/>
  <testcase name="get_LargestWord_Transposed_From_File_LineWithSpaces" classname="test.FileActionTest" time="0"/>
  <testcase name="get_LargestWord_Transposed_From_File_MultipleLargeWords" classname="test.FileActionTest" time="0"/>
  <testcase name="get_LargestWord_Transposed_From_File_OneWord" classname="test.FileActionTest" time="0"/>
  <testcase name="get_LargestWord_Transposed_From_File_StartWithBlankLines" classname="test.FileActionTest" time="0"/>
  <testcase name="get_LargestWord__Transposed_File_Empty" classname="test.FileActionTest" time="0"/>
  <testcase name="get_LargestWord__Transposed_File_MultipleWordsSameLine" classname="test.FileActionTest" time="0"/>
  <testcase name="get_LargestWord__Transposed_File_Specialcharacters" classname="test.FileActionTest" time="0"/>
  <testcase name="get_LargestWord__Transposed__File_DoesNotExist" classname="test.FileActionTest" time="0.017"/>
</testsuite>